<?xml version="1.0" encoding="UTF-8"?>
<!-- Generated by org.testng.reporters.JUnitXMLReporter -->
<testsuite ignored="0" hostname="LAPTOP-R2SOFEHI" failures="0" tests="1" name="Test" time="0.026" errors="0" timestamp="08 Sep 2021 17:47:22 GMT">
  <testcase classname="com.learnautomation.pages.BaseClass" name="@BeforeSuite setUpSuite" time="0.011">
    <failure type="java.lang.Error" message="Unresolved compilation problems: 
	ExtentHtmlReporter cannot be resolved to a type
	ExtentHtmlReporter cannot be resolved to a type
">
      <![CDATA[java.lang.Error: Unresolved compilation problems: 
ExtentHtmlReporter cannot be resolved to a type
ExtentHtmlReporter cannot be resolved to a type

at com.learnautomation.pages.BaseClass.setUpSuite(BaseClass.java:44)
... Removed 20 stack frames]]>
    </failure>
  </testcase> <!-- @BeforeSuite setUpSuite -->
  <testcase classname="com.learnautomation.pages.BaseClass" name="@BeforeClass setup" time="0.0">
    <skipped/>
  </testcase> <!-- @BeforeClass setup -->
  <testcase classname="com.learnautomation.pages.BaseClass" name="@AfterMethod tearDownMethod" time="0.0">
    <skipped/>
  </testcase> <!-- @AfterMethod tearDownMethod -->
  <testcase classname="com.learnautomation.pages.BaseClass" name="@AfterClass tearDown" time="0.0">
    <skipped/>
  </testcase> <!-- @AfterClass tearDown -->
  <testcase classname="com.learnautomation.testcases.LoginTestCRM" name="loginApp" time="0.0">
    <skipped/>
  </testcase> <!-- loginApp -->
</testsuite> <!-- Test -->
